/usr/local/lib/python3.8/dist-packages/transformers/utils/hub.py:124: FutureWarning: Using `TRANSFORMERS_CACHE` is deprecated and will be removed in v5 of Transformers. Use `HF_HOME` instead.
  warnings.warn(
Loading checkpoint shards:   0%|          | 0/3 [00:00<?, ?it/s]Loading checkpoint shards:  33%|███▎      | 1/3 [00:00<00:00,  3.82it/s]Loading checkpoint shards:  67%|██████▋   | 2/3 [00:00<00:00,  4.46it/s]Loading checkpoint shards: 100%|██████████| 3/3 [00:00<00:00,  4.86it/s]Loading checkpoint shards: 100%|██████████| 3/3 [00:00<00:00,  4.66it/s]
Could not load bitsandbytes native library: libcusparse.so.12: cannot open shared object file: No such file or directory
Traceback (most recent call last):
  File "/usr/local/lib/python3.8/dist-packages/bitsandbytes/cextension.py", line 85, in <module>
    lib = get_native_library()
  File "/usr/local/lib/python3.8/dist-packages/bitsandbytes/cextension.py", line 72, in get_native_library
    dll = ct.cdll.LoadLibrary(str(binary_path))
  File "/usr/lib/python3.8/ctypes/__init__.py", line 451, in LoadLibrary
    return self._dlltype(name)
  File "/usr/lib/python3.8/ctypes/__init__.py", line 373, in __init__
    self._handle = _dlopen(self._name, mode)
OSError: libcusparse.so.12: cannot open shared object file: No such file or directory

CUDA Setup failed despite CUDA being available. Please run the following command to get more information:

python -m bitsandbytes

Inspect the output of the command and see if you can locate CUDA libraries. You might need to add them
to your LD_LIBRARY_PATH. If you suspect a bug, please take the information from python -m bitsandbytes
and open an issue at: https://github.com/bitsandbytes-foundation/bitsandbytes/issues

[INFO] Loaded dataset statistics from: /data/biy/Raccoonbot_Openvla/openvla/openvla-runs/47a0ec7fc4ec123775a391911046cf33cf9ed83f+raccoon_pick_place+b16+lr-0.0005+lora-r32+dropout-0.0--v11-initial-lift-close-1200eps-15000steps-b8ga2--image_aug--15000_chkpt/dataset_statistics.json
[INFO] Available norm_stats keys: ['raccoon_pick_place']
[PREDICT] instruction=grasp and lift the red cylinder
[PREDICT] unnorm_key=raccoon_pick_place
[PREDICT] action=[0.03937185500825131, 0.03894315493196321, 0.006198184685452898, 0.0, 0.0, 0.0, 0.0]
[PREDICT] instruction=grasp and lift the red cylinder
[PREDICT] unnorm_key=raccoon_pick_place
[PREDICT] action=[0.03126345530678224, 0.031922613574027564, 0.006198184685452898, 0.0, 0.0, 0.0, 0.0]
[PREDICT] instruction=grasp and lift the red cylinder
[PREDICT] unnorm_key=raccoon_pick_place
[PREDICT] action=[0.015497122553925734, 0.03385326244745986, 0.006198184685452898, 0.0, 0.0, 0.0, 0.0]
[PREDICT] instruction=grasp and lift the red cylinder
[PREDICT] unnorm_key=raccoon_pick_place
[PREDICT] action=[0.012343856003354435, 0.03104504590428561, 0.0064993364690419525, 0.0, 0.0, 0.0, 0.0]
[PREDICT] instruction=grasp and lift the red cylinder
[PREDICT] unnorm_key=raccoon_pick_place
[PREDICT] action=[0.007388722852456682, 0.02367347747845319, 0.004993577551096681, 0.0, 0.0, 0.0, 0.0]
[PREDICT] instruction=grasp and lift the red cylinder
[PREDICT] unnorm_key=raccoon_pick_place
[PREDICT] action=[0.0037849896518037454, 0.015775368450775592, 0.003788970416740464, 0.0, 0.0, 0.0, 0.0]
[PREDICT] instruction=grasp and lift the red cylinder
[PREDICT] unnorm_key=raccoon_pick_place
[PREDICT] action=[0.002433589701558908, 0.009983421830478685, 0.002584363282384247, 0.0, 0.0, 0.0, 0.0]
[PREDICT] instruction=grasp and lift the red cylinder
[PREDICT] unnorm_key=raccoon_pick_place
[PREDICT] action=[0.0015326564013956809, 0.007701745889149603, 0.002283211498795186, 0.0, 0.0, 0.0, 0.0]
[PREDICT] instruction=grasp and lift the red cylinder
[PREDICT] unnorm_key=raccoon_pick_place
[PREDICT] action=[0.0010821897513140707, 0.00559558348176891, 0.0016809079316170775, 0.0, 0.0, 0.0, 0.0]
[PREDICT] instruction=grasp and lift the red cylinder
[PREDICT] unnorm_key=raccoon_pick_place
[PREDICT] action=[0.0010821897513140707, 0.005069042879923738, 0.0016809079316170775, 0.0, 0.0, 0.0, 0.0]
[PREDICT] instruction=grasp and lift the red cylinder
[PREDICT] unnorm_key=raccoon_pick_place
[PREDICT] action=[0.0006317231012324537, 0.003138394006491434, -0.05373102024876896, 0.0, 0.0, 0.0, 0.0]
[PREDICT] instruction=grasp and lift the red cylinder
[PREDICT] unnorm_key=raccoon_pick_place
[PREDICT] action=[0.0010821897513140707, 0.005069042879923738, 0.0016809079316170775, 0.0, 0.0, 0.0, 0.0]
[PREDICT] instruction=grasp and lift the red cylinder
[PREDICT] unnorm_key=raccoon_pick_place
[PREDICT] action=[0.0010821897513140707, 0.005771097015717301, 0.0016809079316170775, 0.0, 0.0, 0.0, 0.0]
[PREDICT] instruction=grasp and lift the red cylinder
[PREDICT] unnorm_key=raccoon_pick_place
[PREDICT] action=[0.0010821897513140707, 0.005069042879923738, 0.0016809079316170775, 0.0, 0.0, 0.0, 0.0]
[PREDICT] instruction=grasp and lift the red cylinder
[PREDICT] unnorm_key=raccoon_pick_place
[PREDICT] action=[0.0010821897513140707, 0.005069042879923738, 0.0016809079316170775, 0.0, 0.0, 0.0, 0.0]
[PREDICT] instruction=grasp and lift the red cylinder
[PREDICT] unnorm_key=raccoon_pick_place
[PREDICT] action=[0.0006317231012324537, 0.0040159616762333915, 0.0013797561480280301, 0.0, 0.0, 0.0, 0.0]
[PREDICT] instruction=grasp and lift the red cylinder
[PREDICT] unnorm_key=raccoon_pick_place
[PREDICT] action=[0.0006317231012324537, 0.003138394006491434, -0.05373102024876896, 0.0, 0.0, 0.0, 0.0]
[PREDICT] instruction=grasp and lift the red cylinder
[PREDICT] unnorm_key=raccoon_pick_place
[PREDICT] action=[0.0010821897513140707, 0.00559558348176891, 0.0016809079316170775, 0.0, 0.0, 0.0, 0.0]
[PREDICT] instruction=grasp and lift the red cylinder
[PREDICT] unnorm_key=raccoon_pick_place
[PREDICT] action=[0.0006317231012324537, 0.0040159616762333915, 0.0013797561480280301, 0.0, 0.0, 0.0, 0.0]
[PREDICT] instruction=grasp and lift the red cylinder
[PREDICT] unnorm_key=raccoon_pick_place
[PREDICT] action=[0.0006317231012324537, 0.0040159616762333915, 0.0013797561480280301, 0.0, 0.0, 0.0, 0.0]
[PREDICT] instruction=grasp and lift the red cylinder
[PREDICT] unnorm_key=raccoon_pick_place
[PREDICT] action=[0.0006317231012324537, 0.003138394006491434, -0.05373102024876896, 0.0, 0.0, 0.0, 0.0]
[PREDICT] instruction=grasp and lift the red cylinder
[PREDICT] unnorm_key=raccoon_pick_place
[PREDICT] action=[0.0006317231012324537, 0.0012077451330591345, -0.05132180598005653, 0.0, 0.0, 0.0, 0.0]
[PREDICT] instruction=grasp and lift the red cylinder
[PREDICT] unnorm_key=raccoon_pick_place
[PREDICT] action=[-0.00026921019893078046, -0.0014249578761667313, -0.043793011390330164, 0.0, 0.0, 0.0, 0.0]
[PREDICT] instruction=grasp and lift the red cylinder
[PREDICT] unnorm_key=raccoon_pick_place
[PREDICT] action=[-0.00026921019893078046, -0.000898417274321558, -0.042889556039563, 0.0, 0.0, 0.0, 0.0]
[PREDICT] instruction=grasp and lift the red cylinder
[PREDICT] unnorm_key=raccoon_pick_place
[PREDICT] action=[-0.00026921019893078046, -0.002302525545908686, -0.032048091830357034, 0.0, 0.0, 0.0, 0.0]
[PREDICT] instruction=grasp and lift the red cylinder
[PREDICT] unnorm_key=raccoon_pick_place
[PREDICT] action=[-0.00026921019893078046, -0.002302525545908686, -0.052526413114412744, 0.0, 0.0, 0.0, 0.0]
[PREDICT] instruction=grasp and lift the red cylinder
[PREDICT] unnorm_key=raccoon_pick_place
[PREDICT] action=[-0.0007196768490123975, -0.004057660885392598, -0.043793011390330164, 0.0, 0.0, 0.0, 0.0]
[PREDICT] instruction=grasp and lift the red cylinder
[PREDICT] unnorm_key=raccoon_pick_place
[PREDICT] action=[-0.0007196768490123975, -0.004233174419340988, -0.03265039539753514, 0.0, 0.0, 0.0, 0.0]
[PREDICT] instruction=grasp and lift the red cylinder
[PREDICT] unnorm_key=raccoon_pick_place
[PREDICT] action=[-0.0007196768490123975, -0.004057660885392598, -0.024218145457041616, 0.0, 0.0, 0.0, 0.0]
[PREDICT] instruction=grasp and lift the red cylinder
[PREDICT] unnorm_key=raccoon_pick_place
[PREDICT] action=[-0.0007196768490123975, -0.0035311202835474243, -0.017893958001671463, 0.0, 0.0, 0.0, 0.0]
[PREDICT] instruction=grasp and lift the red cylinder
[PREDICT] unnorm_key=raccoon_pick_place
[PREDICT] action=[0.03937185500825131, 0.03894315493196321, 0.006198184685452898, 0.0, 0.0, 0.0, 0.0]
[PREDICT] instruction=grasp and lift the red cylinder
[PREDICT] unnorm_key=raccoon_pick_place
[PREDICT] action=[0.03126345530678224, 0.031922613574027564, 0.006198184685452898, 0.0, 0.0, 0.0, 0.0]
[PREDICT] instruction=grasp and lift the red cylinder
[PREDICT] unnorm_key=raccoon_pick_place
[PREDICT] action=[0.015497122553925734, 0.03385326244745986, 0.006198184685452898, 0.0, 0.0, 0.0, 0.0]
[PREDICT] instruction=grasp and lift the red cylinder
[PREDICT] unnorm_key=raccoon_pick_place
[PREDICT] action=[0.012343856003354435, 0.03104504590428561, 0.0064993364690419525, 0.0, 0.0, 0.0, 0.0]
[PREDICT] instruction=grasp and lift the red cylinder
[PREDICT] unnorm_key=raccoon_pick_place
[PREDICT] action=[0.007388722852456682, 0.02367347747845319, 0.004993577551096681, 0.0, 0.0, 0.0, 0.0]
[PREDICT] instruction=grasp and lift the red cylinder
[PREDICT] unnorm_key=raccoon_pick_place
[PREDICT] action=[0.0037849896518037454, 0.015775368450775592, 0.003788970416740464, 0.0, 0.0, 0.0, 0.0]
[PREDICT] instruction=grasp and lift the red cylinder
[PREDICT] unnorm_key=raccoon_pick_place
[PREDICT] action=[0.002433589701558908, 0.009983421830478685, 0.002584363282384247, 0.0, 0.0, 0.0, 0.0]
[PREDICT] instruction=grasp and lift the red cylinder
[PREDICT] unnorm_key=raccoon_pick_place
[PREDICT] action=[0.0015326564013956809, 0.007701745889149603, 0.002283211498795186, 0.0, 0.0, 0.0, 0.0]
[PREDICT] instruction=grasp and lift the red cylinder
[PREDICT] unnorm_key=raccoon_pick_place
[PREDICT] action=[0.0010821897513140707, 0.00559558348176891, 0.0016809079316170775, 0.0, 0.0, 0.0, 0.0]
[PREDICT] instruction=grasp and lift the red cylinder
[PREDICT] unnorm_key=raccoon_pick_place
[PREDICT] action=[0.0010821897513140707, 0.005069042879923738, 0.0016809079316170775, 0.0, 0.0, 0.0, 0.0]
[PREDICT] instruction=grasp and lift the red cylinder
[PREDICT] unnorm_key=raccoon_pick_place
[PREDICT] action=[0.0006317231012324537, 0.003138394006491434, -0.05373102024876896, 0.0, 0.0, 0.0, 0.0]
[PREDICT] instruction=grasp and lift the red cylinder
[PREDICT] unnorm_key=raccoon_pick_place
[PREDICT] action=[0.0010821897513140707, 0.005069042879923738, 0.0016809079316170775, 0.0, 0.0, 0.0, 0.0]
[PREDICT] instruction=grasp and lift the red cylinder
[PREDICT] unnorm_key=raccoon_pick_place
[PREDICT] action=[0.0010821897513140707, 0.005771097015717301, 0.0016809079316170775, 0.0, 0.0, 0.0, 0.0]
[PREDICT] instruction=grasp and lift the red cylinder
[PREDICT] unnorm_key=raccoon_pick_place
[PREDICT] action=[0.0010821897513140707, 0.005069042879923738, 0.0016809079316170775, 0.0, 0.0, 0.0, 0.0]
[PREDICT] instruction=grasp and lift the red cylinder
[PREDICT] unnorm_key=raccoon_pick_place
[PREDICT] action=[0.0010821897513140707, 0.005069042879923738, 0.0016809079316170775, 0.0, 0.0, 0.0, 0.0]
[PREDICT] instruction=grasp and lift the red cylinder
[PREDICT] unnorm_key=raccoon_pick_place
[PREDICT] action=[0.0006317231012324537, 0.0040159616762333915, 0.0013797561480280301, 0.0, 0.0, 0.0, 0.0]
[PREDICT] instruction=grasp and lift the red cylinder
[PREDICT] unnorm_key=raccoon_pick_place
[PREDICT] action=[0.0006317231012324537, 0.003138394006491434, -0.05373102024876896, 0.0, 0.0, 0.0, 0.0]
[PREDICT] instruction=grasp and lift the red cylinder
[PREDICT] unnorm_key=raccoon_pick_place
[PREDICT] action=[0.0010821897513140707, 0.00559558348176891, 0.0016809079316170775, 0.0, 0.0, 0.0, 0.0]
[PREDICT] instruction=grasp and lift the red cylinder
[PREDICT] unnorm_key=raccoon_pick_place
[PREDICT] action=[0.0006317231012324537, 0.0040159616762333915, 0.0013797561480280301, 0.0, 0.0, 0.0, 0.0]
[PREDICT] instruction=grasp and lift the red cylinder
[PREDICT] unnorm_key=raccoon_pick_place
[PREDICT] action=[0.0006317231012324537, 0.0040159616762333915, 0.0013797561480280301, 0.0, 0.0, 0.0, 0.0]
[PREDICT] instruction=grasp and lift the red cylinder
[PREDICT] unnorm_key=raccoon_pick_place
[PREDICT] action=[0.0006317231012324537, 0.003138394006491434, -0.05373102024876896, 0.0, 0.0, 0.0, 0.0]
[PREDICT] instruction=grasp and lift the red cylinder
[PREDICT] unnorm_key=raccoon_pick_place
[PREDICT] action=[0.0006317231012324537, 0.0012077451330591345, -0.05132180598005653, 0.0, 0.0, 0.0, 0.0]
[PREDICT] instruction=grasp and lift the red cylinder
[PREDICT] unnorm_key=raccoon_pick_place
[PREDICT] action=[-0.00026921019893078046, -0.0014249578761667313, -0.043793011390330164, 0.0, 0.0, 0.0, 0.0]
[PREDICT] instruction=grasp and lift the red cylinder
[PREDICT] unnorm_key=raccoon_pick_place
[PREDICT] action=[-0.00026921019893078046, -0.000898417274321558, -0.042889556039563, 0.0, 0.0, 0.0, 0.0]
[PREDICT] instruction=grasp and lift the red cylinder
[PREDICT] unnorm_key=raccoon_pick_place
[PREDICT] action=[-0.00026921019893078046, -0.002302525545908686, -0.032048091830357034, 0.0, 0.0, 0.0, 0.0]
[PREDICT] instruction=grasp and lift the red cylinder
[PREDICT] unnorm_key=raccoon_pick_place
[PREDICT] action=[-0.00026921019893078046, -0.002302525545908686, -0.052526413114412744, 0.0, 0.0, 0.0, 0.0]
[PREDICT] instruction=grasp and lift the red cylinder
[PREDICT] unnorm_key=raccoon_pick_place
[PREDICT] action=[-0.0007196768490123975, -0.004057660885392598, -0.043793011390330164, 0.0, 0.0, 0.0, 0.0]
[PREDICT] instruction=grasp and lift the red cylinder
[PREDICT] unnorm_key=raccoon_pick_place
[PREDICT] action=[-0.0007196768490123975, -0.004233174419340988, -0.03265039539753514, 0.0, 0.0, 0.0, 0.0]
[PREDICT] instruction=grasp and lift the red cylinder
[PREDICT] unnorm_key=raccoon_pick_place
[PREDICT] action=[-0.0007196768490123975, -0.004057660885392598, -0.024218145457041616, 0.0, 0.0, 0.0, 0.0]
[PREDICT] instruction=grasp and lift the red cylinder
[PREDICT] unnorm_key=raccoon_pick_place
[PREDICT] action=[-0.0007196768490123975, -0.0035311202835474243, -0.017893958001671463, 0.0, 0.0, 0.0, 0.0]
[PREDICT] instruction=grasp and lift the red cylinder
[PREDICT] unnorm_key=raccoon_pick_place
[PREDICT] action=[-0.0007196768490123975, -0.0031800932156506407, -0.01759280621808241, 0.0, 0.0, 0.0, 0.0]
[PREDICT] instruction=grasp and lift the red cylinder
[PREDICT] unnorm_key=raccoon_pick_place
[PREDICT] action=[-0.00026921019893078046, -0.0024780390798570793, -0.01277437768065754, 0.0, 0.0, 0.0, 0.0]
[PREDICT] instruction=grasp and lift the red cylinder
[PREDICT] unnorm_key=raccoon_pick_place
[PREDICT] action=[-0.00026921019893078046, -0.001951498478011903, -0.009461708061177944, 0.0, 0.0, 0.0, 0.0]
[PREDICT] instruction=grasp and lift the red cylinder
[PREDICT] unnorm_key=raccoon_pick_place
[PREDICT] action=[-0.00026921019893078046, -0.0014249578761667313, -0.006751342008876442, 0.0, 0.0, 0.0, 0.0]
[PREDICT] instruction=grasp and lift the red cylinder
[PREDICT] unnorm_key=raccoon_pick_place
[PREDICT] action=[-0.00026921019893078046, -0.000898417274321558, -0.004944431307342123, 0.0, 0.0, 0.0, 0.0]
[PREDICT] instruction=grasp and lift the red cylinder
[PREDICT] unnorm_key=raccoon_pick_place
[PREDICT] action=[-0.00026921019893078046, -0.000898417274321558, -0.004944431307342123, 0.0, 0.0, 0.0, 0.0]
[PREDICT] instruction=grasp and lift the red cylinder
[PREDICT] unnorm_key=raccoon_pick_place
[PREDICT] action=[-0.00026921019893078046, -0.0005473902064247749, -0.003438672389396845, 0.0, 0.0, 0.0, 0.0]
[PREDICT] instruction=grasp and lift the red cylinder
[PREDICT] unnorm_key=raccoon_pick_place
[PREDICT] action=[0.0001812564511508366, -0.00037187667247638376, -0.002234065255040621, 0.0, 0.0, 0.0, 0.0]
[PREDICT] instruction=grasp and lift the red cylinder
[PREDICT] unnorm_key=raccoon_pick_place
[PREDICT] action=[0.0001812564511508366, -0.0001963631385279935, -0.0016317616878625193, 0.0, 0.0, 0.0, 0.0]
[PREDICT] instruction=grasp and lift the red cylinder
[PREDICT] unnorm_key=raccoon_pick_place
[PREDICT] action=[0.0001812564511508366, 0.00015466392936878699, 0.0040901222003295185, 0.0, 0.0, 0.0, 0.996078431372549]
[PREDICT] instruction=grasp and lift the red cylinder
[PREDICT] unnorm_key=raccoon_pick_place
[PREDICT] action=[0.0001812564511508366, 0.0006812045312139612, 0.017340800678247927, 0.0, 0.0, 0.0, 0.996078431372549]
[PREDICT] instruction=grasp and lift the red cylinder
[PREDICT] unnorm_key=raccoon_pick_place
[PREDICT] action=[0.03937185500825131, 0.03894315493196321, 0.006198184685452898, 0.0, 0.0, 0.0, 0.0]
[PREDICT] instruction=grasp and lift the red cylinder
[PREDICT] unnorm_key=raccoon_pick_place
[PREDICT] action=[0.03126345530678224, 0.031922613574027564, 0.006198184685452898, 0.0, 0.0, 0.0, 0.0]
[PREDICT] instruction=grasp and lift the red cylinder
[PREDICT] unnorm_key=raccoon_pick_place
[PREDICT] action=[0.03937185500825131, 0.03894315493196321, 0.006198184685452898, 0.0, 0.0, 0.0, 0.0]
[PREDICT] instruction=grasp and lift the red cylinder
[PREDICT] unnorm_key=raccoon_pick_place
[PREDICT] action=[0.03126345530678224, 0.031922613574027564, 0.006198184685452898, 0.0, 0.0, 0.0, 0.0]
[PREDICT] instruction=grasp and lift the red cylinder
[PREDICT] unnorm_key=raccoon_pick_place
[PREDICT] action=[0.015497122553925734, 0.03385326244745986, 0.006198184685452898, 0.0, 0.0, 0.0, 0.0]
[PREDICT] instruction=grasp and lift the red cylinder
[PREDICT] unnorm_key=raccoon_pick_place
[PREDICT] action=[0.012343856003354435, 0.03104504590428561, 0.0064993364690419525, 0.0, 0.0, 0.0, 0.0]
[PREDICT] instruction=grasp and lift the red cylinder
[PREDICT] unnorm_key=raccoon_pick_place
[PREDICT] action=[0.007388722852456682, 0.02367347747845319, 0.004993577551096681, 0.0, 0.0, 0.0, 0.0]
[PREDICT] instruction=grasp and lift the red cylinder
[PREDICT] unnorm_key=raccoon_pick_place
[PREDICT] action=[0.0037849896518037454, 0.015775368450775592, 0.003788970416740464, 0.0, 0.0, 0.0, 0.0]
[PREDICT] instruction=grasp and lift the red cylinder
[PREDICT] unnorm_key=raccoon_pick_place
[PREDICT] action=[0.002433589701558908, 0.009983421830478685, 0.002584363282384247, 0.0, 0.0, 0.0, 0.0]
[PREDICT] instruction=grasp and lift the red cylinder
[PREDICT] unnorm_key=raccoon_pick_place
[PREDICT] action=[0.0015326564013956809, 0.007701745889149603, 0.002283211498795186, 0.0, 0.0, 0.0, 0.0]
[PREDICT] instruction=grasp and lift the red cylinder
[PREDICT] unnorm_key=raccoon_pick_place
[PREDICT] action=[0.0010821897513140707, 0.00559558348176891, 0.0016809079316170775, 0.0, 0.0, 0.0, 0.0]
[PREDICT] instruction=grasp and lift the red cylinder
[PREDICT] unnorm_key=raccoon_pick_place
[PREDICT] action=[0.0010821897513140707, 0.005069042879923738, 0.0016809079316170775, 0.0, 0.0, 0.0, 0.0]
[PREDICT] instruction=grasp and lift the red cylinder
[PREDICT] unnorm_key=raccoon_pick_place
[PREDICT] action=[0.0006317231012324537, 0.003138394006491434, -0.05373102024876896, 0.0, 0.0, 0.0, 0.0]
[PREDICT] instruction=grasp and lift the red cylinder
[PREDICT] unnorm_key=raccoon_pick_place
[PREDICT] action=[0.0010821897513140707, 0.005069042879923738, 0.0016809079316170775, 0.0, 0.0, 0.0, 0.0]
[PREDICT] instruction=grasp and lift the red cylinder
[PREDICT] unnorm_key=raccoon_pick_place
[PREDICT] action=[0.0010821897513140707, 0.005771097015717301, 0.0016809079316170775, 0.0, 0.0, 0.0, 0.0]
[PREDICT] instruction=grasp and lift the red cylinder
[PREDICT] unnorm_key=raccoon_pick_place
[PREDICT] action=[0.0010821897513140707, 0.005069042879923738, 0.0016809079316170775, 0.0, 0.0, 0.0, 0.0]
[PREDICT] instruction=grasp and lift the red cylinder
[PREDICT] unnorm_key=raccoon_pick_place
[PREDICT] action=[0.0010821897513140707, 0.005069042879923738, 0.0016809079316170775, 0.0, 0.0, 0.0, 0.0]
[PREDICT] instruction=grasp and lift the red cylinder
[PREDICT] unnorm_key=raccoon_pick_place
[PREDICT] action=[0.0006317231012324537, 0.0040159616762333915, 0.0013797561480280301, 0.0, 0.0, 0.0, 0.0]
[PREDICT] instruction=grasp and lift the red cylinder
[PREDICT] unnorm_key=raccoon_pick_place
[PREDICT] action=[0.0006317231012324537, 0.003138394006491434, -0.05373102024876896, 0.0, 0.0, 0.0, 0.0]
[PREDICT] instruction=grasp and lift the red cylinder
[PREDICT] unnorm_key=raccoon_pick_place
[PREDICT] action=[0.0010821897513140707, 0.00559558348176891, 0.0016809079316170775, 0.0, 0.0, 0.0, 0.0]
[PREDICT] instruction=grasp and lift the red cylinder
[PREDICT] unnorm_key=raccoon_pick_place
[PREDICT] action=[0.0006317231012324537, 0.0040159616762333915, 0.0013797561480280301, 0.0, 0.0, 0.0, 0.0]
[PREDICT] instruction=grasp and lift the red cylinder
[PREDICT] unnorm_key=raccoon_pick_place
[PREDICT] action=[0.0006317231012324537, 0.0040159616762333915, 0.0013797561480280301, 0.0, 0.0, 0.0, 0.0]
[PREDICT] instruction=grasp and lift the red cylinder
[PREDICT] unnorm_key=raccoon_pick_place
[PREDICT] action=[0.0006317231012324537, 0.003138394006491434, -0.05373102024876896, 0.0, 0.0, 0.0, 0.0]
[PREDICT] instruction=grasp and lift the red cylinder
[PREDICT] unnorm_key=raccoon_pick_place
[PREDICT] action=[0.0006317231012324537, 0.0012077451330591345, -0.05132180598005653, 0.0, 0.0, 0.0, 0.0]
[PREDICT] instruction=grasp and lift the red cylinder
[PREDICT] unnorm_key=raccoon_pick_place
[PREDICT] action=[-0.00026921019893078046, -0.0014249578761667313, -0.043793011390330164, 0.0, 0.0, 0.0, 0.0]
[PREDICT] instruction=grasp and lift the red cylinder
[PREDICT] unnorm_key=raccoon_pick_place
[PREDICT] action=[-0.00026921019893078046, -0.000898417274321558, -0.042889556039563, 0.0, 0.0, 0.0, 0.0]
[PREDICT] instruction=grasp and lift the red cylinder
[PREDICT] unnorm_key=raccoon_pick_place
[PREDICT] action=[-0.00026921019893078046, -0.002302525545908686, -0.032048091830357034, 0.0, 0.0, 0.0, 0.0]
[PREDICT] instruction=grasp and lift the red cylinder
[PREDICT] unnorm_key=raccoon_pick_place
[PREDICT] action=[-0.00026921019893078046, -0.002302525545908686, -0.052526413114412744, 0.0, 0.0, 0.0, 0.0]
[PREDICT] instruction=grasp and lift the red cylinder
[PREDICT] unnorm_key=raccoon_pick_place
[PREDICT] action=[-0.0007196768490123975, -0.004057660885392598, -0.043793011390330164, 0.0, 0.0, 0.0, 0.0]
[PREDICT] instruction=grasp and lift the red cylinder
[PREDICT] unnorm_key=raccoon_pick_place
[PREDICT] action=[-0.0007196768490123975, -0.004233174419340988, -0.03265039539753514, 0.0, 0.0, 0.0, 0.0]
[PREDICT] instruction=grasp and lift the red cylinder
[PREDICT] unnorm_key=raccoon_pick_place
[PREDICT] action=[-0.0007196768490123975, -0.004057660885392598, -0.024218145457041616, 0.0, 0.0, 0.0, 0.0]
[PREDICT] instruction=grasp and lift the red cylinder
[PREDICT] unnorm_key=raccoon_pick_place
[PREDICT] action=[-0.0007196768490123975, -0.0035311202835474243, -0.017893958001671463, 0.0, 0.0, 0.0, 0.0]
[PREDICT] instruction=grasp and lift the red cylinder
[PREDICT] unnorm_key=raccoon_pick_place
[PREDICT] action=[-0.0007196768490123975, -0.0031800932156506407, -0.01759280621808241, 0.0, 0.0, 0.0, 0.0]
[PREDICT] instruction=grasp and lift the red cylinder
[PREDICT] unnorm_key=raccoon_pick_place
[PREDICT] action=[-0.00026921019893078046, -0.0024780390798570793, -0.01277437768065754, 0.0, 0.0, 0.0, 0.0]
[PREDICT] instruction=grasp and lift the red cylinder
[PREDICT] unnorm_key=raccoon_pick_place
[PREDICT] action=[-0.00026921019893078046, -0.001951498478011903, -0.009461708061177944, 0.0, 0.0, 0.0, 0.0]
[PREDICT] instruction=grasp and lift the red cylinder
[PREDICT] unnorm_key=raccoon_pick_place
[PREDICT] action=[-0.00026921019893078046, -0.0014249578761667313, -0.006751342008876442, 0.0, 0.0, 0.0, 0.0]
[PREDICT] instruction=grasp and lift the red cylinder
[PREDICT] unnorm_key=raccoon_pick_place
[PREDICT] action=[-0.00026921019893078046, -0.000898417274321558, -0.004944431307342123, 0.0, 0.0, 0.0, 0.0]
[PREDICT] instruction=grasp and lift the red cylinder
[PREDICT] unnorm_key=raccoon_pick_place
[PREDICT] action=[-0.00026921019893078046, -0.000898417274321558, -0.004944431307342123, 0.0, 0.0, 0.0, 0.0]
[PREDICT] instruction=grasp and lift the red cylinder
[PREDICT] unnorm_key=raccoon_pick_place
[PREDICT] action=[-0.00026921019893078046, -0.0005473902064247749, -0.003438672389396845, 0.0, 0.0, 0.0, 0.0]
[PREDICT] instruction=grasp and lift the red cylinder
[PREDICT] unnorm_key=raccoon_pick_place
[PREDICT] action=[0.0001812564511508366, -0.00037187667247638376, -0.002234065255040621, 0.0, 0.0, 0.0, 0.0]
[PREDICT] instruction=grasp and lift the red cylinder
[PREDICT] unnorm_key=raccoon_pick_place
[PREDICT] action=[0.0001812564511508366, -0.0001963631385279935, -0.0016317616878625193, 0.0, 0.0, 0.0, 0.0]
[PREDICT] instruction=grasp and lift the red cylinder
[PREDICT] unnorm_key=raccoon_pick_place
[PREDICT] action=[0.0001812564511508366, 0.00015466392936878699, 0.0040901222003295185, 0.0, 0.0, 0.0, 0.996078431372549]
[PREDICT] instruction=grasp and lift the red cylinder
[PREDICT] unnorm_key=raccoon_pick_place
[PREDICT] action=[0.0001812564511508366, 0.0006812045312139612, 0.017340800678247927, 0.0, 0.0, 0.0, 0.996078431372549]
